<?xml version="1.0" encoding="UTF-8"?>
<!-- Generated by org.testng.reporters.JUnitReportReporter -->
<testsuite skipped="0" hostname="LAPTOP-J0378V4D" name="CalculatorTest" tests="5" failures="0" timestamp="31 Jan 2019 09:43:56 GMT" time="12.396" errors="0">
  <testcase name="Division" time="3.238" classname="CalculatorTest"/>
  <testcase name="Addition" time="1.778" classname="CalculatorTest"/>
  <testcase name="Multiplication" time="1.619" classname="CalculatorTest"/>
  <testcase name="Combination" time="4.202" classname="CalculatorTest"/>
  <testcase name="Subtraction" time="1.559" classname="CalculatorTest"/>
</testsuite> <!-- CalculatorTest -->
