<?xml version="1.0" encoding="UTF-8"?>
<!-- Generated by org.testng.reporters.JUnitReportReporter -->
<testsuite skipped="0" hostname="LAPTOP-J0378V4D" name="CalculatorTest" tests="5" failures="0" timestamp="30 Jan 2019 14:40:10 GMT" time="24.565" errors="0">
  <testcase name="Division" time="6.194" classname="CalculatorTest"/>
  <testcase name="Addition" time="3.270" classname="CalculatorTest"/>
  <testcase name="Multiplication" time="3.593" classname="CalculatorTest"/>
  <testcase name="Combination" time="7.826" classname="CalculatorTest"/>
  <testcase name="Subtraction" time="3.682" classname="CalculatorTest"/>
</testsuite> <!-- CalculatorTest -->
