<?xml version="1.0" encoding="UTF-8"?>
<!-- Generated by org.testng.reporters.JUnitReportReporter -->
<testsuite skipped="0" hostname="LAPTOP-J0378V4D" name="CalculatorTest" tests="5" failures="0" timestamp="29 Jan 2019 14:05:02 GMT" time="11.494" errors="0">
  <testcase name="Division" time="3.449" classname="CalculatorTest"/>
  <testcase name="Addition" time="1.433" classname="CalculatorTest"/>
  <testcase name="Multiplication" time="1.439" classname="CalculatorTest"/>
  <testcase name="Combination" time="3.670" classname="CalculatorTest"/>
  <testcase name="Subtraction" time="1.503" classname="CalculatorTest"/>
</testsuite> <!-- CalculatorTest -->
