<?xml version="1.0" encoding="UTF-8"?>
<!-- Generated by org.testng.reporters.JUnitReportReporter -->
<testsuite skipped="0" hostname="LAPTOP-J0378V4D" name="CalculatorTest" tests="5" failures="0" timestamp="30 Jan 2019 08:46:20 GMT" time="10.885" errors="0">
  <testcase name="Division" time="3.590" classname="CalculatorTest"/>
  <testcase name="Addition" time="1.271" classname="CalculatorTest"/>
  <testcase name="Multiplication" time="1.401" classname="CalculatorTest"/>
  <testcase name="Combination" time="3.165" classname="CalculatorTest"/>
  <testcase name="Subtraction" time="1.458" classname="CalculatorTest"/>
</testsuite> <!-- CalculatorTest -->
