<?xml version="1.0" encoding="UTF-8"?>
<!-- Generated by org.testng.reporters.JUnitReportReporter -->
<testsuite skipped="0" hostname="LAPTOP-J0378V4D" name="WindowsTest.CalculatorTest" tests="1" failures="0" timestamp="07 Feb 2019 20:25:05 GMT" time="2.757" errors="0">
  <testcase name="addition" time="2.757" classname="WindowsTest.CalculatorTest"/>
</testsuite> <!-- WindowsTest.CalculatorTest -->
