<?xml version="1.0" encoding="UTF-8"?>
<!-- Generated by org.testng.reporters.JUnitReportReporter -->
<testsuite skipped="0" hostname="LAPTOP-J0378V4D" name="WindowsTest.CalculatorTest" tests="1" failures="0" timestamp="05 Feb 2019 14:01:31 GMT" time="1.742" errors="0">
  <testcase name="addition" time="1.742" classname="WindowsTest.CalculatorTest"/>
</testsuite> <!-- WindowsTest.CalculatorTest -->
